<?xml version="1.0" encoding="utf-8"?>
<outputLog>
  <ApplicationId>4cdb5c51-a001-4848-8ad6-1b19b0790dca</ApplicationId>
  <FileLogs>
    <FileLog>
      <CorrelationId>Intent.VisualStudio.Projects.VisualStudioSolution#ac9d8b42-6810-4a6e-b243-2f7e1853ed80</CorrelationId>
      <OverwriteBehaviour>always</OverwriteBehaviour>
      <ApplicationRelativeFilePath>../Intent.ArchitectureTemplates.sln</ApplicationRelativeFilePath>
      <IsIgnored>false</IsIgnored>
    </FileLog>
    <FileLog>
      <ProjectId>6e626969-7328-4994-a1bf-3dafce3d4301</ProjectId>
      <CorrelationId>Intent.ApplicationTemplate.Builder.Templates.IatSpecFile#1c117b60-faa1-43f5-96b3-21a3e1aa828c</CorrelationId>
      <OverwriteBehaviour>always</OverwriteBehaviour>
      <ApplicationRelativeFilePath>Intent.ApplicationTemplate.EmptyVisualStudioSolution/metadata.iatspec</ApplicationRelativeFilePath>
      <ProjectRelativeFilePath>Intent.ApplicationTemplate.EmptyVisualStudioSolution/metadata.iatspec</ProjectRelativeFilePath>
      <IsIgnored>false</IsIgnored>
    </FileLog>
    <FileLog>
      <ProjectId>6e626969-7328-4994-a1bf-3dafce3d4301</ProjectId>
      <CorrelationId>Intent.ApplicationTemplate.Builder.Templates.IatSpecFile#1edb3b6a-4388-43e1-aebd-f51dc1039e69</CorrelationId>
      <OverwriteBehaviour>always</OverwriteBehaviour>
      <ApplicationRelativeFilePath>Intent.ApplicationTemplate.ModuleBuilder/metadata.iatspec</ApplicationRelativeFilePath>
      <ProjectRelativeFilePath>Intent.ApplicationTemplate.ModuleBuilder/metadata.iatspec</ProjectRelativeFilePath>
      <IsIgnored>false</IsIgnored>
    </FileLog>
    <FileLog>
      <ProjectId>6e626969-7328-4994-a1bf-3dafce3d4301</ProjectId>
      <CorrelationId>Intent.ApplicationTemplate.Builder.Templates.IatSpecFile#e9bf7bb9-ca0d-46bc-9472-73da043995bd</CorrelationId>
      <OverwriteBehaviour>always</OverwriteBehaviour>
      <ApplicationRelativeFilePath>Intent.ApplicationTemplateBuilder/metadata.iatspec</ApplicationRelativeFilePath>
      <ProjectRelativeFilePath>Intent.ApplicationTemplateBuilder/metadata.iatspec</ProjectRelativeFilePath>
      <IsIgnored>false</IsIgnored>
    </FileLog>
    <FileLog>
      <ProjectId>6e626969-7328-4994-a1bf-3dafce3d4301</ProjectId>
      <CorrelationId>Intent.VisualStudio.Projects.CSharpProject#6e626969-7328-4994-a1bf-3dafce3d4301</CorrelationId>
      <OverwriteBehaviour>always</OverwriteBehaviour>
      <ApplicationRelativeFilePath>Intent.Modules.csproj</ApplicationRelativeFilePath>
      <ProjectRelativeFilePath>Intent.Modules.csproj</ProjectRelativeFilePath>
      <IsIgnored>false</IsIgnored>
    </FileLog>
  </FileLogs>
</outputLog>