<?xml version="1.0" encoding="utf-8"?>
<outputLog>
  <ApplicationId>408af414-d54e-4dd5-bc99-496c14061057</ApplicationId>
  <FileLogs>
    <FileLog>
      <CorrelationId>Intent.VisualStudio.Projects.VisualStudioSolution#c3d052fe-e0bf-49f7-8b24-209478602676</CorrelationId>
      <OverwriteBehaviour>always</OverwriteBehaviour>
      <ApplicationRelativeFilePath>../Intent.ArchitectureTemplates.sln</ApplicationRelativeFilePath>
      <IsIgnored>false</IsIgnored>
    </FileLog>
    <FileLog>
      <ProjectId>5e467cbe-13e5-4121-a66f-8ce78916f4e9</ProjectId>
      <CorrelationId>Intent.ApplicationTemplate.Builder.Templates.IatSpecFile#4c7176c7-0764-4a59-9583-5465261386ec</CorrelationId>
      <OverwriteBehaviour>always</OverwriteBehaviour>
      <ApplicationRelativeFilePath>Intent.ApplicationTemplate.NestJS.Web/metadata.iatspec</ApplicationRelativeFilePath>
      <ProjectRelativeFilePath>Intent.ApplicationTemplate.NestJS.Web/metadata.iatspec</ProjectRelativeFilePath>
      <IsIgnored>false</IsIgnored>
    </FileLog>
    <FileLog>
      <ProjectId>5e467cbe-13e5-4121-a66f-8ce78916f4e9</ProjectId>
      <CorrelationId>Intent.VisualStudio.Projects.CSharpProject#5e467cbe-13e5-4121-a66f-8ce78916f4e9</CorrelationId>
      <OverwriteBehaviour>always</OverwriteBehaviour>
      <ApplicationRelativeFilePath>Intent.Modules.NodeJS.csproj</ApplicationRelativeFilePath>
      <ProjectRelativeFilePath>Intent.Modules.NodeJS.csproj</ProjectRelativeFilePath>
      <IsIgnored>false</IsIgnored>
    </FileLog>
  </FileLogs>
</outputLog>