<?xml version="1.0" encoding="utf-8"?>
<outputLog>
  <ApplicationId>1196c82e-1e5c-41bd-9efe-c75b86354ea1</ApplicationId>
  <FileLogs>
    <FileLog>
      <CorrelationId>Intent.VisualStudio.Projects.VisualStudioSolution#57218969-9754-43b7-b90c-dae67207d7f8</CorrelationId>
      <OverwriteBehaviour>always</OverwriteBehaviour>
      <ApplicationRelativeFilePath>../Intent.ArchitectureTemplates.sln</ApplicationRelativeFilePath>
      <IsIgnored>true</IsIgnored>
    </FileLog>
    <FileLog>
      <ProjectId>fd60e46c-accb-40ef-9e18-08fca03029c1</ProjectId>
      <CorrelationId>Intent.ApplicationTemplate.Builder.Templates.IatSpecFile#7549551c-d51c-4f10-acc3-0924aac2c894</CorrelationId>
      <OverwriteBehaviour>always</OverwriteBehaviour>
      <ApplicationRelativeFilePath>Intent.ApplicationTemplate.WebClient.Angular/metadata.iatspec</ApplicationRelativeFilePath>
      <ProjectRelativeFilePath>Intent.ApplicationTemplate.WebClient.Angular/metadata.iatspec</ProjectRelativeFilePath>
      <IsIgnored>true</IsIgnored>
    </FileLog>
    <FileLog>
      <ProjectId>fd60e46c-accb-40ef-9e18-08fca03029c1</ProjectId>
      <CorrelationId>Intent.VisualStudio.Projects.CSharpProject#fd60e46c-accb-40ef-9e18-08fca03029c1</CorrelationId>
      <OverwriteBehaviour>always</OverwriteBehaviour>
      <ApplicationRelativeFilePath>Intent.Modules.Web.csproj</ApplicationRelativeFilePath>
      <ProjectRelativeFilePath>Intent.Modules.Web.csproj</ProjectRelativeFilePath>
      <IsIgnored>true</IsIgnored>
    </FileLog>
  </FileLogs>
</outputLog>